<?xml version="1.0" encoding="UTF-8"?>
<testng-results skipped="0" failed="0" total="1" passed="1">
  <reporter-output>
  </reporter-output>
  <suite name="Default suite" duration-ms="84519" started-at="2016-02-23T10:59:08Z" finished-at="2016-02-23T11:00:32Z">
    <groups>
    </groups>
    <test name="Default test" duration-ms="84519" started-at="2016-02-23T10:59:08Z" finished-at="2016-02-23T11:00:32Z">
      <class name="com.obj.Links.Link_Upload_TestScript">
        <test-method status="PASS" signature="OpenBrowser()[pri:0, instance:com.obj.Links.Link_Upload_TestScript@30c7da1e]" name="OpenBrowser" is-config="true" duration-ms="44389" started-at="2016-02-23T16:29:08Z" finished-at="2016-02-23T16:29:52Z">
          <reporter-output>
          </reporter-output>
        </test-method> <!-- OpenBrowser -->
        <test-method status="PASS" signature="LInksUpload_Test()[pri:0, instance:com.obj.Links.Link_Upload_TestScript@30c7da1e]" name="LInksUpload_Test" duration-ms="40088" started-at="2016-02-23T16:29:52Z" finished-at="2016-02-23T16:30:32Z">
          <reporter-output>
          </reporter-output>
        </test-method> <!-- LInksUpload_Test -->
      </class> <!-- com.obj.Links.Link_Upload_TestScript -->
    </test> <!-- Default test -->
  </suite> <!-- Default suite -->
</testng-results>
